# JRE version: OpenJDK Runtime Environment (8.0_152-b01) (build 1.8.0_152-release-1343-b01)
# Java VM: OpenJDK 64-Bit Server VM (25.152-b01 mixed mode windows-amd64 compressed oops)
Heap:
 PSYoungGen      total 336384K, used 53467K [0x00000000e0000000, 0x00000000f8580000, 0x0000000100000000)
  eden space 296960K, 14% used [0x00000000e0000000,0x00000000e2b36240,0x00000000f2200000)
  from space 39424K, 23% used [0x00000000f2200000,0x00000000f2b00bd8,0x00000000f4880000)
  to   space 38912K, 0% used [0x00000000f5f80000,0x00000000f5f80000,0x00000000f8580000)
 ParOldGen       total 214528K, used 66764K [0x00000000a0000000, 0x00000000ad180000, 0x00000000e0000000)
  object space 214528K, 31% used [0x00000000a0000000,0x00000000a4133370,0x00000000ad180000)
 Metaspace       used 96271K, capacity 100118K, committed 100352K, reserved 1136640K
  class space    used 12019K, capacity 12709K, committed 12800K, reserved 1048576K
GC Heap History (10 events):
Event: 227.492 GC heap before
{Heap before GC invocations=27 (full 3):
 PSYoungGen      total 293888K, used 276674K [0x00000000e0000000, 0x00000000f5900000, 0x0000000100000000)
  eden space 254976K, 100% used [0x00000000e0000000,0x00000000ef900000,0x00000000ef900000)
  from space 38912K, 55% used [0x00000000ef900000,0x00000000f0e308f8,0x00000000f1f00000)
  to   space 38400K, 0% used [0x00000000f3380000,0x00000000f3380000,0x00000000f5900000)
 ParOldGen       total 132096K, used 82413K [0x00000000a0000000, 0x00000000a8100000, 0x00000000e0000000)
  object space 132096K, 62% used [0x00000000a0000000,0x00000000a507b450,0x00000000a8100000)
 Metaspace       used 94402K, capacity 98026K, committed 98048K, reserved 1134592K
  class space    used 11844K, capacity 12541K, committed 12544K, reserved 1048576K
Event: 227.589 GC heap after
Heap after GC invocations=27 (full 3):
 PSYoungGen      total 312832K, used 28896K [0x00000000e0000000, 0x00000000f6380000, 0x0000000100000000)
  eden space 274432K, 0% used [0x00000000e0000000,0x00000000e0000000,0x00000000f0c00000)
  from space 38400K, 75% used [0x00000000f3380000,0x00000000f4fb8110,0x00000000f5900000)
  to   space 40448K, 0% used [0x00000000f0c00000,0x00000000f0c00000,0x00000000f3380000)
 ParOldGen       total 132096K, used 82421K [0x00000000a0000000, 0x00000000a8100000, 0x00000000e0000000)
  object space 132096K, 62% used [0x00000000a0000000,0x00000000a507d450,0x00000000a8100000)
 Metaspace       used 94402K, capacity 98026K, committed 98048K, reserved 1134592K
  class space    used 11844K, capacity 12541K, committed 12544K, reserved 1048576K
}
Event: 230.061 GC heap before
{Heap before GC invocations=28 (full 3):
 PSYoungGen      total 312832K, used 168357K [0x00000000e0000000, 0x00000000f6380000, 0x0000000100000000)
  eden space 274432K, 50% used [0x00000000e0000000,0x00000000e8831628,0x00000000f0c00000)
  from space 38400K, 75% used [0x00000000f3380000,0x00000000f4fb8110,0x00000000f5900000)
  to   space 40448K, 0% used [0x00000000f0c00000,0x00000000f0c00000,0x00000000f3380000)
 ParOldGen       total 132096K, used 82421K [0x00000000a0000000, 0x00000000a8100000, 0x00000000e0000000)
  object space 132096K, 62% used [0x00000000a0000000,0x00000000a507d450,0x00000000a8100000)
 Metaspace       used 94778K, capacity 98434K, committed 98496K, reserved 1134592K
  class space    used 11862K, capacity 12541K, committed 12544K, reserved 1048576K
Event: 230.088 GC heap after
Heap after GC invocations=28 (full 3):
 PSYoungGen      total 314880K, used 21173K [0x00000000e0000000, 0x00000000f6f00000, 0x0000000100000000)
  eden space 274432K, 0% used [0x00000000e0000000,0x00000000e0000000,0x00000000f0c00000)
  from space 40448K, 52% used [0x00000000f0c00000,0x00000000f20ad600,0x00000000f3380000)
  to   space 39424K, 0% used [0x00000000f4880000,0x00000000f4880000,0x00000000f6f00000)
 ParOldGen       total 132096K, used 82429K [0x00000000a0000000, 0x00000000a8100000, 0x00000000e0000000)
  object space 132096K, 62% used [0x00000000a0000000,0x00000000a507f450,0x00000000a8100000)
 Metaspace       used 94778K, capacity 98434K, committed 98496K, reserved 1134592K
  class space    used 11862K, capacity 12541K, committed 12544K, reserved 1048576K
}
Event: 230.088 GC heap before
{Heap before GC invocations=29 (full 4):
 PSYoungGen      total 314880K, used 21173K [0x00000000e0000000, 0x00000000f6f00000, 0x0000000100000000)
  eden space 274432K, 0% used [0x00000000e0000000,0x00000000e0000000,0x00000000f0c00000)
  from space 40448K, 52% used [0x00000000f0c00000,0x00000000f20ad600,0x00000000f3380000)
  to   space 39424K, 0% used [0x00000000f4880000,0x00000000f4880000,0x00000000f6f00000)
 ParOldGen       total 132096K, used 82429K [0x00000000a0000000, 0x00000000a8100000, 0x00000000e0000000)
  object space 132096K, 62% used [0x00000000a0000000,0x00000000a507f450,0x00000000a8100000)
 Metaspace       used 94778K, capacity 98434K, committed 98496K, reserved 1134592K
  class space    used 11862K, capacity 12541K, committed 12544K, reserved 1048576K
Event: 230.808 GC heap after
Heap after GC invocations=29 (full 4):
 PSYoungGen      total 314880K, used 0K [0x00000000e0000000, 0x00000000f6f00000, 0x0000000100000000)
  eden space 274432K, 0% used [0x00000000e0000000,0x00000000e0000000,0x00000000f0c00000)
  from space 40448K, 0% used [0x00000000f0c00000,0x00000000f0c00000,0x00000000f3380000)
  to   space 39424K, 0% used [0x00000000f4880000,0x00000000f4880000,0x00000000f6f00000)
 ParOldGen       total 214528K, used 66748K [0x00000000a0000000, 0x00000000ad180000, 0x00000000e0000000)
  object space 214528K, 31% used [0x00000000a0000000,0x00000000a412f370,0x00000000ad180000)
 Metaspace       used 94686K, capacity 98222K, committed 98496K, reserved 1134592K
  class space    used 11834K, capacity 12499K, committed 12544K, reserved 1048576K
}
Event: 234.433 GC heap before
{Heap before GC invocations=30 (full 4):
 PSYoungGen      total 314880K, used 274432K [0x00000000e0000000, 0x00000000f6f00000, 0x0000000100000000)
  eden space 274432K, 100% used [0x00000000e0000000,0x00000000f0c00000,0x00000000f0c00000)
  from space 40448K, 0% used [0x00000000f0c00000,0x00000000f0c00000,0x00000000f3380000)
  to   space 39424K, 0% used [0x00000000f4880000,0x00000000f4880000,0x00000000f6f00000)
 ParOldGen       total 214528K, used 66748K [0x00000000a0000000, 0x00000000ad180000, 0x00000000e0000000)
  object space 214528K, 31% used [0x00000000a0000000,0x00000000a412f370,0x00000000ad180000)
 Metaspace       used 95007K, capacity 98636K, committed 98944K, reserved 1136640K
  class space    used 11879K, capacity 12566K, committed 12672K, reserved 1048576K
Event: 234.442 GC heap after
Heap after GC invocations=30 (full 4):
 PSYoungGen      total 336384K, used 4854K [0x00000000e0000000, 0x00000000f6f80000, 0x0000000100000000)
  eden space 296960K, 0% used [0x00000000e0000000,0x00000000e0000000,0x00000000f2200000)
  from space 39424K, 12% used [0x00000000f4880000,0x00000000f4d3dbf8,0x00000000f6f00000)
  to   space 39424K, 0% used [0x00000000f2200000,0x00000000f2200000,0x00000000f4880000)
 ParOldGen       total 214528K, used 66756K [0x00000000a0000000, 0x00000000ad180000, 0x00000000e0000000)
  object space 214528K, 31% used [0x00000000a0000000,0x00000000a4131370,0x00000000ad180000)
 Metaspace       used 95007K, capacity 98636K, committed 98944K, reserved 1136640K
  class space    used 11879K, capacity 12566K, committed 12672K, reserved 1048576K
}
Event: 238.952 GC heap before
{Heap before GC invocations=31 (full 4):
 PSYoungGen      total 336384K, used 301814K [0x00000000e0000000, 0x00000000f6f80000, 0x0000000100000000)
  eden space 296960K, 100% used [0x00000000e0000000,0x00000000f2200000,0x00000000f2200000)
  from space 39424K, 12% used [0x00000000f4880000,0x00000000f4d3dbf8,0x00000000f6f00000)
  to   space 39424K, 0% used [0x00000000f2200000,0x00000000f2200000,0x00000000f4880000)
 ParOldGen       total 214528K, used 66756K [0x00000000a0000000, 0x00000000ad180000, 0x00000000e0000000)
  object space 214528K, 31% used [0x00000000a0000000,0x00000000a4131370,0x00000000ad180000)
 Metaspace       used 96252K, capacity 100094K, committed 100352K, reserved 1136640K
  class space    used 12017K, capacity 12705K, committed 12800K, reserved 1048576K
Event: 238.983 GC heap after
Heap after GC invocations=31 (full 4):
 PSYoungGen      total 336384K, used 9218K [0x00000000e0000000, 0x00000000f8580000, 0x0000000100000000)
  eden space 296960K, 0% used [0x00000000e0000000,0x00000000e0000000,0x00000000f2200000)
  from space 39424K, 23% used [0x00000000f2200000,0x00000000f2b00bd8,0x00000000f4880000)
  to   space 38912K, 0% used [0x00000000f5f80000,0x00000000f5f80000,0x00000000f8580000)
 ParOldGen       total 214528K, used 66764K [0x00000000a0000000, 0x00000000ad180000, 0x00000000e0000000)
  object space 214528K, 31% used [0x00000000a0000000,0x00000000a4133370,0x00000000ad180000)
 Metaspace       used 96252K, capacity 100094K, committed 100352K, reserved 1136640K
  class space    used 12017K, capacity 12705K, committed 12800K, reserved 1048576K
}

